\BOOKMARK [1][-]{section.1}{\376\377\000D\000a\000t\000a\000\040\000P\000r\000e\000p\000r\000o\000c\000e\000s\000s\000i\000n\000g}{}% 1
\BOOKMARK [2][-]{subsection.1.1}{\376\377\000D\000a\000t\000a\000\040\000T\000y\000p\000e\000s}{section.1}% 2
\BOOKMARK [2][-]{subsection.1.2}{\376\377\000S\000e\000p\000a\000r\000a\000t\000i\000n\000g\000\040\000I\000n\000p\000u\000t\000\040\000D\000a\000t\000a}{section.1}% 3
\BOOKMARK [2][-]{subsection.1.3}{\376\377\000S\000a\000m\000p\000l\000i\000n\000g\000\040\000R\000a\000t\000e}{section.1}% 4
\BOOKMARK [2][-]{subsection.1.4}{\376\377\000W\000i\000n\000d\000o\000w\000i\000n\000g}{section.1}% 5
\BOOKMARK [2][-]{subsection.1.5}{\376\377\000P\000e\000r\000-\000W\000i\000n\000d\000o\000w\000\040\000N\000o\000r\000m\000a\000l\000i\000s\000a\000t\000i\000o\000n}{section.1}% 6
\BOOKMARK [2][-]{subsection.1.6}{\376\377\000A\000t\000t\000a\000c\000h\000i\000n\000g\000\040\000O\000u\000t\000c\000o\000m\000e\000s}{section.1}% 7
\BOOKMARK [2][-]{subsection.1.7}{\376\377\000S\000p\000l\000i\000t}{section.1}% 8
\BOOKMARK [1][-]{section.2}{\376\377\000M\000e\000t\000h\000o\000d\000o\000l\000o\000g\000y}{}% 9
\BOOKMARK [2][-]{subsection.2.1}{\376\377\000L\000i\000n\000e\000a\000r\000\040\000P\000r\000o\000j\000e\000c\000t\000i\000o\000n\000\040\000t\000o\000\040\0001\0002\0008\000\040\000D\000i\000m\000e\000n\000s\000i\000o\000n\000s}{section.2}% 10
\BOOKMARK [2][-]{subsection.2.2}{\376\377\000P\000o\000s\000i\000t\000i\000o\000n\000a\000l\000\040\000E\000n\000c\000o\000d\000i\000n\000g}{section.2}% 11
\BOOKMARK [2][-]{subsection.2.3}{\376\377\000C\000l\000a\000s\000s\000i\000f\000i\000c\000a\000t\000i\000o\000n\000\040\000T\000o\000k\000e\000n}{section.2}% 12
\BOOKMARK [2][-]{subsection.2.4}{\376\377\000T\000r\000a\000n\000s\000f\000o\000r\000m\000e\000r\000\040\000E\000n\000c\000o\000d\000e\000r}{section.2}% 13
\BOOKMARK [3][-]{subsubsection.2.4.1}{\376\377\000M\000u\000l\000t\000i\000\040\000H\000e\000a\000d\000\040\000S\000e\000l\000f\000\040\000A\000t\000t\000e\000n\000t\000i\000o\000n}{subsection.2.4}% 14
\BOOKMARK [3][-]{subsubsection.2.4.2}{\376\377\000F\000e\000e\000d\000\040\000F\000o\000r\000w\000a\000r\000d\000\040\000N\000e\000t\000w\000o\000r\000k}{subsection.2.4}% 15
\BOOKMARK [2][-]{subsection.2.5}{\376\377\000L\000a\000y\000e\000r\000\040\000N\000o\000r\000m\000a\000l\000i\000s\000a\000t\000i\000o\000n\000\040\000a\000n\000d\000\040\000C\000l\000a\000s\000s\000i\000f\000i\000c\000a\000t\000i\000o\000n\000\040\000H\000e\000a\000d}{section.2}% 16
\BOOKMARK [2][-]{subsection.2.6}{\376\377\000T\000r\000a\000i\000n\000i\000n\000g\000\040\000C\000o\000n\000f\000i\000g\000u\000r\000a\000t\000i\000o\000n}{section.2}% 17
\BOOKMARK [2][-]{subsection.2.7}{\376\377\000D\000a\000t\000a\000\040\000A\000u\000g\000m\000e\000n\000t\000a\000t\000i\000o\000n}{section.2}% 18
\BOOKMARK [2][-]{subsection.2.8}{\376\377\000M\000o\000d\000e\000l\000\040\000S\000u\000m\000m\000a\000r\000y}{section.2}% 19
\BOOKMARK [1][-]{section.3}{\376\377\000E\000v\000a\000l\000u\000a\000t\000i\000o\000n\000\040\000a\000n\000d\000\040\000R\000e\000s\000u\000l\000t\000s}{}% 20
